<?xml version="1.0" encoding="UTF-8"?>
<testsuite xmlns:xsi="http://www.w3.org/2001/XMLSchema-instance" xsi:noNamespaceSchemaLocation="https://maven.apache.org/surefire/maven-surefire-plugin/xsd/surefire-test-report-3.0.xsd" version="3.0" name="com.mulesoft.services.tools.validation.Mule3Test" time="0.277" tests="1" errors="0" skipped="0" failures="0">
  <properties>
[...]
</properties>
  <testcase name="testValidateProject" classname="com.mulesoft.services.tools.validation.Mule3Test" time="0.277">
    <system-out><![CDATA[12:32:28.501 [main] INFO  com.mulesoft.services.tools.validation.Validator - Language: mule3
Working Directory = /opt/app/CICD/jenkins/workspace/mule_soft_plugin/mule-sonarqube-plugin
12:32:28.655 [main] INFO  com.mulesoft.services.tools.validation.RuleConsumer - Validation Result: false : File: common.xml :Rule:Application should have used APIKit to auto-generate the implementation interface- Applies:application
12:32:28.656 [main] INFO  com.mulesoft.services.tools.validation.RuleConsumer - Validation Result: false : File: common.xml :Rule:Application should have an APIKit Global exception strategy- Applies:application
12:32:28.656 [main] INFO  com.mulesoft.services.tools.validation.RuleConsumer - Validation Result: true : File: common.xml :Rule:Configuration files should not have so many flows- Applies:null
12:32:28.657 [main] INFO  com.mulesoft.services.tools.validation.RuleConsumer - Validation Result: true : File: common.xml :Rule:Configuration files should not have so many subflows- Applies:null
12:32:28.658 [main] INFO  com.mulesoft.services.tools.validation.RuleConsumer - Validation Result: true : File: common.xml :Rule:Flows names should match a naming convention- Applies:null
12:32:28.659 [main] INFO  com.mulesoft.services.tools.validation.RuleConsumer - Validation Result: true : File: common.xml :Rule:SubFlows names should match a naming convention- Applies:null
12:32:28.661 [main] INFO  com.mulesoft.services.tools.validation.RuleConsumer - Validation Result: true : File: common.xml :Rule:Encryption key should not be logged- Applies:null
12:32:28.662 [main] INFO  com.mulesoft.services.tools.validation.RuleConsumer - Validation Result: true : File: common.xml :Rule:Credentials and resources should be managed with application properties- Applies:application
12:32:28.663 [main] INFO  com.mulesoft.services.tools.validation.RuleConsumer - Validation Result: true : File: common.xml :Rule:Mule Credentials Vault should not use a hardcoded encryption key- Applies:application
12:32:28.664 [main] INFO  com.mulesoft.services.tools.validation.RuleConsumer - Validation Result: true : File: common.xml :Rule:AutoDiscovery should be used to register the app in API manager- Applies:application
12:32:28.666 [main] INFO  com.mulesoft.services.tools.validation.RuleConsumer - Validation Result: true : File: common.xml :Rule:HTTP Status codes should have been properly set inside the exception handler- Applies:null
12:32:28.667 [main] INFO  com.mulesoft.services.tools.validation.RuleConsumer - Validation Result: true : File: common.xml :Rule:Data Transformations should be stored in external DWL Files - Payload- Applies:null
12:32:28.668 [main] INFO  com.mulesoft.services.tools.validation.RuleConsumer - Validation Result: true : File: common.xml :Rule:Data Transformations should be stored in external DWL Files - Variable- Applies:null
12:32:28.668 [main] INFO  com.mulesoft.services.tools.validation.RuleConsumer - Validation Result: true : File: common.xml :Rule:Data Transformations should be stored in external DWL Files - Property- Applies:null
12:32:28.671 [main] INFO  com.mulesoft.services.tools.validation.RuleConsumer - Validation Result: true : File: common.xml :Rule:HTTP Request Configuration should have response timeout setted- Applies:null
12:32:28.672 [main] INFO  com.mulesoft.services.tools.validation.RuleConsumer - Validation Result: false : File: common.xml :Rule:Oracle Configuration should have a connection pool setted- Applies:null
12:32:28.673 [main] INFO  com.mulesoft.services.tools.validation.RuleConsumer - Validation Result: true : File: common.xml :Rule:HTTP Listener should use HTTPS protocol- Applies:null
12:32:28.674 [main] INFO  com.mulesoft.services.tools.validation.RuleConsumer - Validation Result: true : File: common.xml :Rule:HTTP Listener should use a specific port property- Applies:null
12:32:28.678 [main] INFO  com.mulesoft.services.tools.validation.RuleConsumer - Validation Result: false : File: global-exception-handler.xml :Rule:Application should have used APIKit to auto-generate the implementation interface- Applies:application
12:32:28.679 [main] INFO  com.mulesoft.services.tools.validation.RuleConsumer - Validation Result: false : File: global-exception-handler.xml :Rule:Application should have an APIKit Global exception strategy- Applies:application
12:32:28.680 [main] INFO  com.mulesoft.services.tools.validation.RuleConsumer - Validation Result: true : File: global-exception-handler.xml :Rule:Configuration files should not have so many flows- Applies:null
12:32:28.680 [main] INFO  com.mulesoft.services.tools.validation.RuleConsumer - Validation Result: true : File: global-exception-handler.xml :Rule:Configuration files should not have so many subflows- Applies:null
12:32:28.681 [main] INFO  com.mulesoft.services.tools.validation.RuleConsumer - Validation Result: false : File: global-exception-handler.xml :Rule:Flows names should match a naming convention- Applies:null
12:32:28.682 [main] INFO  com.mulesoft.services.tools.validation.RuleConsumer - Validation Result: true : File: global-exception-handler.xml :Rule:SubFlows names should match a naming convention- Applies:null
12:32:28.682 [main] INFO  com.mulesoft.services.tools.validation.RuleConsumer - Validation Result: true : File: global-exception-handler.xml :Rule:Encryption key should not be logged- Applies:null
12:32:28.683 [main] INFO  com.mulesoft.services.tools.validation.RuleConsumer - Validation Result: false : File: global-exception-handler.xml :Rule:Credentials and resources should be managed with application properties- Applies:application
12:32:28.684 [main] INFO  com.mulesoft.services.tools.validation.RuleConsumer - Validation Result: false : File: global-exception-handler.xml :Rule:Mule Credentials Vault should not use a hardcoded encryption key- Applies:application
12:32:28.684 [main] INFO  com.mulesoft.services.tools.validation.RuleConsumer - Validation Result: false : File: global-exception-handler.xml :Rule:AutoDiscovery should be used to register the app in API manager- Applies:application
12:32:28.686 [main] INFO  com.mulesoft.services.tools.validation.RuleConsumer - Validation Result: true : File: global-exception-handler.xml :Rule:HTTP Status codes should have been properly set inside the exception handler- Applies:null
12:32:28.686 [main] INFO  com.mulesoft.services.tools.validation.RuleConsumer - Validation Result: false : File: global-exception-handler.xml :Rule:Data Transformations should be stored in external DWL Files - Payload- Applies:null
12:32:28.687 [main] INFO  com.mulesoft.services.tools.validation.RuleConsumer - Validation Result: true : File: global-exception-handler.xml :Rule:Data Transformations should be stored in external DWL Files - Variable- Applies:null
12:32:28.687 [main] INFO  com.mulesoft.services.tools.validation.RuleConsumer - Validation Result: true : File: global-exception-handler.xml :Rule:Data Transformations should be stored in external DWL Files - Property- Applies:null
12:32:28.688 [main] INFO  com.mulesoft.services.tools.validation.RuleConsumer - Validation Result: true : File: global-exception-handler.xml :Rule:HTTP Request Configuration should have response timeout setted- Applies:null
12:32:28.688 [main] INFO  com.mulesoft.services.tools.validation.RuleConsumer - Validation Result: true : File: global-exception-handler.xml :Rule:Oracle Configuration should have a connection pool setted- Applies:null
12:32:28.689 [main] INFO  com.mulesoft.services.tools.validation.RuleConsumer - Validation Result: true : File: global-exception-handler.xml :Rule:HTTP Listener should use HTTPS protocol- Applies:null
12:32:28.689 [main] INFO  com.mulesoft.services.tools.validation.RuleConsumer - Validation Result: true : File: global-exception-handler.xml :Rule:HTTP Listener should use a specific port property- Applies:null
12:32:28.696 [main] INFO  com.mulesoft.services.tools.validation.RuleConsumer - Validation Result: false : File: ts-onekey-intake-wrapper-impl.xml :Rule:Application should have used APIKit to auto-generate the implementation interface- Applies:application
12:32:28.696 [main] INFO  com.mulesoft.services.tools.validation.RuleConsumer - Validation Result: false : File: ts-onekey-intake-wrapper-impl.xml :Rule:Application should have an APIKit Global exception strategy- Applies:application
12:32:28.697 [main] INFO  com.mulesoft.services.tools.validation.RuleConsumer - Validation Result: true : File: ts-onekey-intake-wrapper-impl.xml :Rule:Configuration files should not have so many flows- Applies:null
12:32:28.697 [main] INFO  com.mulesoft.services.tools.validation.RuleConsumer - Validation Result: true : File: ts-onekey-intake-wrapper-impl.xml :Rule:Configuration files should not have so many subflows- Applies:null
12:32:28.698 [main] INFO  com.mulesoft.services.tools.validation.RuleConsumer - Validation Result: false : File: ts-onekey-intake-wrapper-impl.xml :Rule:Flows names should match a naming convention- Applies:null
12:32:28.699 [main] INFO  com.mulesoft.services.tools.validation.RuleConsumer - Validation Result: true : File: ts-onekey-intake-wrapper-impl.xml :Rule:SubFlows names should match a naming convention- Applies:null
12:32:28.700 [main] INFO  com.mulesoft.services.tools.validation.RuleConsumer - Validation Result: true : File: ts-onekey-intake-wrapper-impl.xml :Rule:Encryption key should not be logged- Applies:null
12:32:28.700 [main] INFO  com.mulesoft.services.tools.validation.RuleConsumer - Validation Result: false : File: ts-onekey-intake-wrapper-impl.xml :Rule:Credentials and resources should be managed with application properties- Applies:application
12:32:28.701 [main] INFO  com.mulesoft.services.tools.validation.RuleConsumer - Validation Result: false : File: ts-onekey-intake-wrapper-impl.xml :Rule:Mule Credentials Vault should not use a hardcoded encryption key- Applies:application
12:32:28.702 [main] INFO  com.mulesoft.services.tools.validation.RuleConsumer - Validation Result: false : File: ts-onekey-intake-wrapper-impl.xml :Rule:AutoDiscovery should be used to register the app in API manager- Applies:application
12:32:28.703 [main] INFO  com.mulesoft.services.tools.validation.RuleConsumer - Validation Result: true : File: ts-onekey-intake-wrapper-impl.xml :Rule:HTTP Status codes should have been properly set inside the exception handler- Applies:null
12:32:28.704 [main] INFO  com.mulesoft.services.tools.validation.RuleConsumer - Validation Result: true : File: ts-onekey-intake-wrapper-impl.xml :Rule:Data Transformations should be stored in external DWL Files - Payload- Applies:null
12:32:28.704 [main] INFO  com.mulesoft.services.tools.validation.RuleConsumer - Validation Result: false : File: ts-onekey-intake-wrapper-impl.xml :Rule:Data Transformations should be stored in external DWL Files - Variable- Applies:null
12:32:28.705 [main] INFO  com.mulesoft.services.tools.validation.RuleConsumer - Validation Result: true : File: ts-onekey-intake-wrapper-impl.xml :Rule:Data Transformations should be stored in external DWL Files - Property- Applies:null
12:32:28.705 [main] INFO  com.mulesoft.services.tools.validation.RuleConsumer - Validation Result: true : File: ts-onekey-intake-wrapper-impl.xml :Rule:HTTP Request Configuration should have response timeout setted- Applies:null
12:32:28.706 [main] INFO  com.mulesoft.services.tools.validation.RuleConsumer - Validation Result: true : File: ts-onekey-intake-wrapper-impl.xml :Rule:Oracle Configuration should have a connection pool setted- Applies:null
12:32:28.706 [main] INFO  com.mulesoft.services.tools.validation.RuleConsumer - Validation Result: true : File: ts-onekey-intake-wrapper-impl.xml :Rule:HTTP Listener should use HTTPS protocol- Applies:null
12:32:28.707 [main] INFO  com.mulesoft.services.tools.validation.RuleConsumer - Validation Result: true : File: ts-onekey-intake-wrapper-impl.xml :Rule:HTTP Listener should use a specific port property- Applies:null
12:32:28.709 [main] INFO  com.mulesoft.services.tools.validation.RuleConsumer - Validation Result: false : File: ts-onekey-intake-wrapper-poller.xml :Rule:Application should have used APIKit to auto-generate the implementation interface- Applies:application
12:32:28.709 [main] INFO  com.mulesoft.services.tools.validation.RuleConsumer - Validation Result: false : File: ts-onekey-intake-wrapper-poller.xml :Rule:Application should have an APIKit Global exception strategy- Applies:application
12:32:28.710 [main] INFO  com.mulesoft.services.tools.validation.RuleConsumer - Validation Result: true : File: ts-onekey-intake-wrapper-poller.xml :Rule:Configuration files should not have so many flows- Applies:null
12:32:28.710 [main] INFO  com.mulesoft.services.tools.validation.RuleConsumer - Validation Result: true : File: ts-onekey-intake-wrapper-poller.xml :Rule:Configuration files should not have so many subflows- Applies:null
12:32:28.711 [main] INFO  com.mulesoft.services.tools.validation.RuleConsumer - Validation Result: true : File: ts-onekey-intake-wrapper-poller.xml :Rule:Flows names should match a naming convention- Applies:null
12:32:28.711 [main] INFO  com.mulesoft.services.tools.validation.RuleConsumer - Validation Result: true : File: ts-onekey-intake-wrapper-poller.xml :Rule:SubFlows names should match a naming convention- Applies:null
12:32:28.711 [main] INFO  com.mulesoft.services.tools.validation.RuleConsumer - Validation Result: true : File: ts-onekey-intake-wrapper-poller.xml :Rule:Encryption key should not be logged- Applies:null
12:32:28.712 [main] INFO  com.mulesoft.services.tools.validation.RuleConsumer - Validation Result: false : File: ts-onekey-intake-wrapper-poller.xml :Rule:Credentials and resources should be managed with application properties- Applies:application
12:32:28.712 [main] INFO  com.mulesoft.services.tools.validation.RuleConsumer - Validation Result: false : File: ts-onekey-intake-wrapper-poller.xml :Rule:Mule Credentials Vault should not use a hardcoded encryption key- Applies:application
12:32:28.713 [main] INFO  com.mulesoft.services.tools.validation.RuleConsumer - Validation Result: false : File: ts-onekey-intake-wrapper-poller.xml :Rule:AutoDiscovery should be used to register the app in API manager- Applies:application
12:32:28.714 [main] INFO  com.mulesoft.services.tools.validation.RuleConsumer - Validation Result: true : File: ts-onekey-intake-wrapper-poller.xml :Rule:HTTP Status codes should have been properly set inside the exception handler- Applies:null
12:32:28.715 [main] INFO  com.mulesoft.services.tools.validation.RuleConsumer - Validation Result: true : File: ts-onekey-intake-wrapper-poller.xml :Rule:Data Transformations should be stored in external DWL Files - Payload- Applies:null
12:32:28.715 [main] INFO  com.mulesoft.services.tools.validation.RuleConsumer - Validation Result: false : File: ts-onekey-intake-wrapper-poller.xml :Rule:Data Transformations should be stored in external DWL Files - Variable- Applies:null
12:32:28.715 [main] INFO  com.mulesoft.services.tools.validation.RuleConsumer - Validation Result: true : File: ts-onekey-intake-wrapper-poller.xml :Rule:Data Transformations should be stored in external DWL Files - Property- Applies:null
12:32:28.716 [main] INFO  com.mulesoft.services.tools.validation.RuleConsumer - Validation Result: true : File: ts-onekey-intake-wrapper-poller.xml :Rule:HTTP Request Configuration should have response timeout setted- Applies:null
12:32:28.716 [main] INFO  com.mulesoft.services.tools.validation.RuleConsumer - Validation Result: true : File: ts-onekey-intake-wrapper-poller.xml :Rule:Oracle Configuration should have a connection pool setted- Applies:null
12:32:28.717 [main] INFO  com.mulesoft.services.tools.validation.RuleConsumer - Validation Result: true : File: ts-onekey-intake-wrapper-poller.xml :Rule:HTTP Listener should use HTTPS protocol- Applies:null
12:32:28.717 [main] INFO  com.mulesoft.services.tools.validation.RuleConsumer - Validation Result: true : File: ts-onekey-intake-wrapper-poller.xml :Rule:HTTP Listener should use a specific port property- Applies:null
12:32:28.720 [main] INFO  com.mulesoft.services.tools.validation.RuleConsumer - Validation Result: false : File: ts-onekey-intake-wrapper-processdata.xml :Rule:Application should have used APIKit to auto-generate the implementation interface- Applies:application
12:32:28.721 [main] INFO  com.mulesoft.services.tools.validation.RuleConsumer - Validation Result: false : File: ts-onekey-intake-wrapper-processdata.xml :Rule:Application should have an APIKit Global exception strategy- Applies:application
12:32:28.721 [main] INFO  com.mulesoft.services.tools.validation.RuleConsumer - Validation Result: true : File: ts-onekey-intake-wrapper-processdata.xml :Rule:Configuration files should not have so many flows- Applies:null
12:32:28.721 [main] INFO  com.mulesoft.services.tools.validation.RuleConsumer - Validation Result: true : File: ts-onekey-intake-wrapper-processdata.xml :Rule:Configuration files should not have so many subflows- Applies:null
12:32:28.722 [main] INFO  com.mulesoft.services.tools.validation.RuleConsumer - Validation Result: false : File: ts-onekey-intake-wrapper-processdata.xml :Rule:Flows names should match a naming convention- Applies:null
12:32:28.722 [main] INFO  com.mulesoft.services.tools.validation.RuleConsumer - Validation Result: true : File: ts-onekey-intake-wrapper-processdata.xml :Rule:SubFlows names should match a naming convention- Applies:null
12:32:28.723 [main] INFO  com.mulesoft.services.tools.validation.RuleConsumer - Validation Result: true : File: ts-onekey-intake-wrapper-processdata.xml :Rule:Encryption key should not be logged- Applies:null
12:32:28.723 [main] INFO  com.mulesoft.services.tools.validation.RuleConsumer - Validation Result: false : File: ts-onekey-intake-wrapper-processdata.xml :Rule:Credentials and resources should be managed with application properties- Applies:application
12:32:28.724 [main] INFO  com.mulesoft.services.tools.validation.RuleConsumer - Validation Result: false : File: ts-onekey-intake-wrapper-processdata.xml :Rule:Mule Credentials Vault should not use a hardcoded encryption key- Applies:application
12:32:28.724 [main] INFO  com.mulesoft.services.tools.validation.RuleConsumer - Validation Result: false : File: ts-onekey-intake-wrapper-processdata.xml :Rule:AutoDiscovery should be used to register the app in API manager- Applies:application
12:32:28.732 [main] INFO  com.mulesoft.services.tools.validation.RuleConsumer - Validation Result: true : File: ts-onekey-intake-wrapper-processdata.xml :Rule:HTTP Status codes should have been properly set inside the exception handler- Applies:null
12:32:28.733 [main] INFO  com.mulesoft.services.tools.validation.RuleConsumer - Validation Result: true : File: ts-onekey-intake-wrapper-processdata.xml :Rule:Data Transformations should be stored in external DWL Files - Payload- Applies:null
12:32:28.733 [main] INFO  com.mulesoft.services.tools.validation.RuleConsumer - Validation Result: false : File: ts-onekey-intake-wrapper-processdata.xml :Rule:Data Transformations should be stored in external DWL Files - Variable- Applies:null
12:32:28.734 [main] INFO  com.mulesoft.services.tools.validation.RuleConsumer - Validation Result: true : File: ts-onekey-intake-wrapper-processdata.xml :Rule:Data Transformations should be stored in external DWL Files - Property- Applies:null
12:32:28.734 [main] INFO  com.mulesoft.services.tools.validation.RuleConsumer - Validation Result: true : File: ts-onekey-intake-wrapper-processdata.xml :Rule:HTTP Request Configuration should have response timeout setted- Applies:null
12:32:28.734 [main] INFO  com.mulesoft.services.tools.validation.RuleConsumer - Validation Result: true : File: ts-onekey-intake-wrapper-processdata.xml :Rule:Oracle Configuration should have a connection pool setted- Applies:null
12:32:28.735 [main] INFO  com.mulesoft.services.tools.validation.RuleConsumer - Validation Result: true : File: ts-onekey-intake-wrapper-processdata.xml :Rule:HTTP Listener should use HTTPS protocol- Applies:null
12:32:28.735 [main] INFO  com.mulesoft.services.tools.validation.RuleConsumer - Validation Result: true : File: ts-onekey-intake-wrapper-processdata.xml :Rule:HTTP Listener should use a specific port property- Applies:null
12:32:28.742 [main] INFO  com.mulesoft.services.tools.validation.RuleConsumer - Validation Result: false : File: ts-onekey-intake-wrapper-stageddb.xml :Rule:Application should have used APIKit to auto-generate the implementation interface- Applies:application
12:32:28.742 [main] INFO  com.mulesoft.services.tools.validation.RuleConsumer - Validation Result: false : File: ts-onekey-intake-wrapper-stageddb.xml :Rule:Application should have an APIKit Global exception strategy- Applies:application
12:32:28.743 [main] INFO  com.mulesoft.services.tools.validation.RuleConsumer - Validation Result: true : File: ts-onekey-intake-wrapper-stageddb.xml :Rule:Configuration files should not have so many flows- Applies:null
12:32:28.743 [main] INFO  com.mulesoft.services.tools.validation.RuleConsumer - Validation Result: true : File: ts-onekey-intake-wrapper-stageddb.xml :Rule:Configuration files should not have so many subflows- Applies:null
12:32:28.744 [main] INFO  com.mulesoft.services.tools.validation.RuleConsumer - Validation Result: true : File: ts-onekey-intake-wrapper-stageddb.xml :Rule:Flows names should match a naming convention- Applies:null
12:32:28.745 [main] INFO  com.mulesoft.services.tools.validation.RuleConsumer - Validation Result: true : File: ts-onekey-intake-wrapper-stageddb.xml :Rule:SubFlows names should match a naming convention- Applies:null
12:32:28.746 [main] INFO  com.mulesoft.services.tools.validation.RuleConsumer - Validation Result: true : File: ts-onekey-intake-wrapper-stageddb.xml :Rule:Encryption key should not be logged- Applies:null
12:32:28.746 [main] INFO  com.mulesoft.services.tools.validation.RuleConsumer - Validation Result: false : File: ts-onekey-intake-wrapper-stageddb.xml :Rule:Credentials and resources should be managed with application properties- Applies:application
12:32:28.747 [main] INFO  com.mulesoft.services.tools.validation.RuleConsumer - Validation Result: false : File: ts-onekey-intake-wrapper-stageddb.xml :Rule:Mule Credentials Vault should not use a hardcoded encryption key- Applies:application
12:32:28.748 [main] INFO  com.mulesoft.services.tools.validation.RuleConsumer - Validation Result: false : File: ts-onekey-intake-wrapper-stageddb.xml :Rule:AutoDiscovery should be used to register the app in API manager- Applies:application
12:32:28.748 [main] INFO  com.mulesoft.services.tools.validation.RuleConsumer - Validation Result: true : File: ts-onekey-intake-wrapper-stageddb.xml :Rule:HTTP Status codes should have been properly set inside the exception handler- Applies:null
12:32:28.749 [main] INFO  com.mulesoft.services.tools.validation.RuleConsumer - Validation Result: true : File: ts-onekey-intake-wrapper-stageddb.xml :Rule:Data Transformations should be stored in external DWL Files - Payload- Applies:null
12:32:28.749 [main] INFO  com.mulesoft.services.tools.validation.RuleConsumer - Validation Result: true : File: ts-onekey-intake-wrapper-stageddb.xml :Rule:Data Transformations should be stored in external DWL Files - Variable- Applies:null
12:32:28.750 [main] INFO  com.mulesoft.services.tools.validation.RuleConsumer - Validation Result: true : File: ts-onekey-intake-wrapper-stageddb.xml :Rule:Data Transformations should be stored in external DWL Files - Property- Applies:null
12:32:28.750 [main] INFO  com.mulesoft.services.tools.validation.RuleConsumer - Validation Result: true : File: ts-onekey-intake-wrapper-stageddb.xml :Rule:HTTP Request Configuration should have response timeout setted- Applies:null
12:32:28.751 [main] INFO  com.mulesoft.services.tools.validation.RuleConsumer - Validation Result: true : File: ts-onekey-intake-wrapper-stageddb.xml :Rule:Oracle Configuration should have a connection pool setted- Applies:null
12:32:28.751 [main] INFO  com.mulesoft.services.tools.validation.RuleConsumer - Validation Result: true : File: ts-onekey-intake-wrapper-stageddb.xml :Rule:HTTP Listener should use HTTPS protocol- Applies:null
12:32:28.752 [main] INFO  com.mulesoft.services.tools.validation.RuleConsumer - Validation Result: true : File: ts-onekey-intake-wrapper-stageddb.xml :Rule:HTTP Listener should use a specific port property- Applies:null
12:32:28.756 [main] INFO  com.mulesoft.services.tools.validation.RuleConsumer - Validation Result: true : File: ts-onekey-intake-wrapper.xml :Rule:Application should have used APIKit to auto-generate the implementation interface- Applies:application
12:32:28.756 [main] INFO  com.mulesoft.services.tools.validation.RuleConsumer - Validation Result: true : File: ts-onekey-intake-wrapper.xml :Rule:Application should have an APIKit Global exception strategy- Applies:application
12:32:28.757 [main] INFO  com.mulesoft.services.tools.validation.RuleConsumer - Validation Result: true : File: ts-onekey-intake-wrapper.xml :Rule:Configuration files should not have so many flows- Applies:null
12:32:28.757 [main] INFO  com.mulesoft.services.tools.validation.RuleConsumer - Validation Result: true : File: ts-onekey-intake-wrapper.xml :Rule:Configuration files should not have so many subflows- Applies:null
12:32:28.758 [main] INFO  com.mulesoft.services.tools.validation.RuleConsumer - Validation Result: true : File: ts-onekey-intake-wrapper.xml :Rule:Flows names should match a naming convention- Applies:null
12:32:28.759 [main] INFO  com.mulesoft.services.tools.validation.RuleConsumer - Validation Result: true : File: ts-onekey-intake-wrapper.xml :Rule:SubFlows names should match a naming convention- Applies:null
12:32:28.760 [main] INFO  com.mulesoft.services.tools.validation.RuleConsumer - Validation Result: true : File: ts-onekey-intake-wrapper.xml :Rule:Encryption key should not be logged- Applies:null
12:32:28.760 [main] INFO  com.mulesoft.services.tools.validation.RuleConsumer - Validation Result: false : File: ts-onekey-intake-wrapper.xml :Rule:Credentials and resources should be managed with application properties- Applies:application
12:32:28.761 [main] INFO  com.mulesoft.services.tools.validation.RuleConsumer - Validation Result: false : File: ts-onekey-intake-wrapper.xml :Rule:Mule Credentials Vault should not use a hardcoded encryption key- Applies:application
12:32:28.761 [main] INFO  com.mulesoft.services.tools.validation.RuleConsumer - Validation Result: false : File: ts-onekey-intake-wrapper.xml :Rule:AutoDiscovery should be used to register the app in API manager- Applies:application
12:32:28.763 [main] INFO  com.mulesoft.services.tools.validation.RuleConsumer - Validation Result: false : File: ts-onekey-intake-wrapper.xml :Rule:HTTP Status codes should have been properly set inside the exception handler- Applies:null
12:32:28.763 [main] INFO  com.mulesoft.services.tools.validation.RuleConsumer - Validation Result: false : File: ts-onekey-intake-wrapper.xml :Rule:Data Transformations should be stored in external DWL Files - Payload- Applies:null
12:32:28.764 [main] INFO  com.mulesoft.services.tools.validation.RuleConsumer - Validation Result: false : File: ts-onekey-intake-wrapper.xml :Rule:Data Transformations should be stored in external DWL Files - Variable- Applies:null
12:32:28.764 [main] INFO  com.mulesoft.services.tools.validation.RuleConsumer - Validation Result: true : File: ts-onekey-intake-wrapper.xml :Rule:Data Transformations should be stored in external DWL Files - Property- Applies:null
12:32:28.765 [main] INFO  com.mulesoft.services.tools.validation.RuleConsumer - Validation Result: true : File: ts-onekey-intake-wrapper.xml :Rule:HTTP Request Configuration should have response timeout setted- Applies:null
12:32:28.765 [main] INFO  com.mulesoft.services.tools.validation.RuleConsumer - Validation Result: true : File: ts-onekey-intake-wrapper.xml :Rule:Oracle Configuration should have a connection pool setted- Applies:null
12:32:28.766 [main] INFO  com.mulesoft.services.tools.validation.RuleConsumer - Validation Result: true : File: ts-onekey-intake-wrapper.xml :Rule:HTTP Listener should use HTTPS protocol- Applies:null
12:32:28.766 [main] INFO  com.mulesoft.services.tools.validation.RuleConsumer - Validation Result: true : File: ts-onekey-intake-wrapper.xml :Rule:HTTP Listener should use a specific port property- Applies:null
]]></system-out>
  </testcase>
</testsuite>