<?xml version="1.0" encoding="UTF-8"?>
<testsuite xmlns:xsi="http://www.w3.org/2001/XMLSchema-instance" xsi:noNamespaceSchemaLocation="https://maven.apache.org/surefire/maven-surefire-plugin/xsd/surefire-test-report-3.0.xsd" version="3.0" name="com.mulesoft.services.tools.validation.Mule4Test" time="0.971" tests="4" errors="0" skipped="0" failures="0">
  <properties>
[...]
</properties>
  <testcase name="testRuleCountSubFlow" classname="com.mulesoft.services.tools.validation.Mule4Test" time="0.823">
    <system-out><![CDATA[12:32:28.320 [main] INFO  com.mulesoft.services.tools.validation.Validator - Language: mule4
]]></system-out>
  </testcase>
  <testcase name="testIsConfigurable" classname="com.mulesoft.services.tools.validation.Mule4Test" time="0.014">
    <system-out><![CDATA[12:32:28.438 [main] INFO  com.mulesoft.services.tools.validation.Validator - Language: mule4
str: ${mule.key}
regexp: ^\$\{.*\}$
]]></system-out>
  </testcase>
  <testcase name="testDomain" classname="com.mulesoft.services.tools.validation.Mule4Test" time="0.016">
    <system-out><![CDATA[12:32:28.453 [main] INFO  com.mulesoft.services.tools.validation.Validator - Language: mule4
]]></system-out>
  </testcase>
  <testcase name="testRuleDBProperties" classname="com.mulesoft.services.tools.validation.Mule4Test" time="0.019">
    <system-out><![CDATA[12:32:28.469 [main] INFO  com.mulesoft.services.tools.validation.Validator - Language: mule4
]]></system-out>
  </testcase>
</testsuite>